<?xml version="1.0" ?>
<!DOCTYPE coverage SYSTEM "http://cobertura.sourceforge.net/xml/coverage-04.dtd">
<coverage line-rate="0.5" branch-rate="0" lines-covered="1" lines-valid="2" branches-covered="0" branches-valid="0" complexity="0" version="0" timestamp="0">
  <sources>
    <source>.</source>
  </sources>
  <packages>
    <package name="sample" line-rate="0.5" branch-rate="0" complexity="0">
      <classes>
        <class name="sample" filename="sample.go" line-rate="0.5" branch-rate="0" complexity="0">
          <methods/>
          <lines>
            <line number="1" hits="1"/>
            <line number="2" hits="0"/>
          </lines>
        </class>
      </classes>
    </package>
  </packages>
</coverage>
